<hello>
<p>This is result </p>
</hello>

